2018-09-13 16:15:30,859 [Worker-6] INFO  c.g.t.t.d.PublishedGradleVersions - Gradle version information cache is up-to-date. Trying to read.
2018-09-13 16:17:32,546 [Worker-6] INFO  c.g.t.t.d.PublishedGradleVersions - Gradle version information cache is up-to-date. Trying to read.
2018-09-18 16:04:59,784 [Worker-0] INFO  c.g.t.t.d.PublishedGradleVersions - Gradle version information cache is out-of-date. Trying to update.
2018-09-18 16:49:56,551 [Start Help Server] INFO  org.eclipse.jetty.util.log - Logging initialized @2792916ms to org.eclipse.jetty.util.log.Slf4jLog
2018-09-18 16:49:56,928 [Start Help Server] INFO  org.eclipse.jetty.server.Server - jetty-9.4.8.v20171121, build timestamp: 2017-11-21T15:27:37-06:00, git hash: 82b8fb23f757335bb3329d540ce37a2a2615f0a8
2018-09-18 16:49:56,978 [Start Help Server] INFO  org.eclipse.jetty.server.session - DefaultSessionIdManager workerName=node0
2018-09-18 16:49:56,978 [Start Help Server] INFO  org.eclipse.jetty.server.session - No SessionScavenger set, using defaults
2018-09-18 16:49:56,980 [Start Help Server] INFO  org.eclipse.jetty.server.session - Scavenging every 600000ms
2018-09-18 16:49:57,024 [Start Help Server] INFO  o.e.j.server.handler.ContextHandler - Started o.e.j.s.ServletContextHandler@50a2a473{/help,null,AVAILABLE}
2018-09-18 16:49:57,102 [Start Help Server] INFO  o.e.jetty.server.AbstractConnector - Started ServerConnector@52ad2a41{HTTP/1.1,[http/1.1]}{127.0.0.1:61843}
2018-09-18 16:49:57,103 [Start Help Server] INFO  org.eclipse.jetty.server.Server - Started @2793469ms
2018-09-18 17:14:31,825 [Stop Help Server] INFO  o.e.jetty.server.AbstractConnector - Stopped ServerConnector@52ad2a41{HTTP/1.1,[http/1.1]}{127.0.0.1:0}
2018-09-18 17:14:31,826 [Stop Help Server] INFO  org.eclipse.jetty.server.session - Stopped scavenging
2018-09-18 17:14:31,833 [Stop Help Server] INFO  o.e.j.server.handler.ContextHandler - Stopped o.e.j.s.ServletContextHandler@50a2a473{/help,null,UNAVAILABLE}
2018-09-20 16:07:02,280 [Worker-4] INFO  c.g.t.t.d.PublishedGradleVersions - Gradle version information cache is out-of-date. Trying to update.
2018-09-20 16:45:40,802 [Start Help Server] INFO  org.eclipse.jetty.util.log - Logging initialized @2344267ms to org.eclipse.jetty.util.log.Slf4jLog
2018-09-20 16:45:40,932 [Start Help Server] INFO  org.eclipse.jetty.server.Server - jetty-9.4.8.v20171121, build timestamp: 2017-11-21T15:27:37-06:00, git hash: 82b8fb23f757335bb3329d540ce37a2a2615f0a8
2018-09-20 16:45:40,957 [Start Help Server] INFO  org.eclipse.jetty.server.session - DefaultSessionIdManager workerName=node0
2018-09-20 16:45:40,957 [Start Help Server] INFO  org.eclipse.jetty.server.session - No SessionScavenger set, using defaults
2018-09-20 16:45:40,958 [Start Help Server] INFO  org.eclipse.jetty.server.session - Scavenging every 660000ms
2018-09-20 16:45:40,985 [Start Help Server] INFO  o.e.j.server.handler.ContextHandler - Started o.e.j.s.ServletContextHandler@71d921a7{/help,null,AVAILABLE}
2018-09-20 16:45:41,006 [Start Help Server] INFO  o.e.jetty.server.AbstractConnector - Started ServerConnector@6225f112{HTTP/1.1,[http/1.1]}{127.0.0.1:64542}
2018-09-20 16:45:41,006 [Start Help Server] INFO  org.eclipse.jetty.server.Server - Started @2344471ms
2018-09-20 17:25:24,678 [Stop Help Server] INFO  o.e.jetty.server.AbstractConnector - Stopped ServerConnector@6225f112{HTTP/1.1,[http/1.1]}{127.0.0.1:0}
2018-09-20 17:25:24,679 [Stop Help Server] INFO  org.eclipse.jetty.server.session - Stopped scavenging
2018-09-20 17:25:24,690 [Stop Help Server] INFO  o.e.j.server.handler.ContextHandler - Stopped o.e.j.s.ServletContextHandler@71d921a7{/help,null,UNAVAILABLE}
2018-09-25 16:14:09,562 [Worker-2] INFO  c.g.t.t.d.PublishedGradleVersions - Gradle version information cache is out-of-date. Trying to update.
2018-09-27 15:58:45,887 [Worker-7] INFO  c.g.t.t.d.PublishedGradleVersions - Gradle version information cache is up-to-date. Trying to read.
2018-09-27 16:12:30,809 [Start Help Server] INFO  org.eclipse.jetty.util.log - Logging initialized @840039ms to org.eclipse.jetty.util.log.Slf4jLog
2018-09-27 16:12:31,087 [Start Help Server] INFO  org.eclipse.jetty.server.Server - jetty-9.4.8.v20171121, build timestamp: 2017-11-21T15:27:37-06:00, git hash: 82b8fb23f757335bb3329d540ce37a2a2615f0a8
2018-09-27 16:12:31,106 [Start Help Server] INFO  org.eclipse.jetty.server.session - DefaultSessionIdManager workerName=node0
2018-09-27 16:12:31,106 [Start Help Server] INFO  org.eclipse.jetty.server.session - No SessionScavenger set, using defaults
2018-09-27 16:12:31,107 [Start Help Server] INFO  org.eclipse.jetty.server.session - Scavenging every 660000ms
2018-09-27 16:12:31,130 [Start Help Server] INFO  o.e.j.server.handler.ContextHandler - Started o.e.j.s.ServletContextHandler@6224c248{/help,null,AVAILABLE}
2018-09-27 16:12:31,150 [Start Help Server] INFO  o.e.jetty.server.AbstractConnector - Started ServerConnector@492db335{HTTP/1.1,[http/1.1]}{127.0.0.1:60018}
2018-09-27 16:12:31,150 [Start Help Server] INFO  org.eclipse.jetty.server.Server - Started @840381ms
2018-09-27 17:18:56,493 [Stop Help Server] INFO  o.e.jetty.server.AbstractConnector - Stopped ServerConnector@492db335{HTTP/1.1,[http/1.1]}{127.0.0.1:0}
2018-09-27 17:18:56,494 [Stop Help Server] INFO  org.eclipse.jetty.server.session - Stopped scavenging
2018-09-27 17:18:56,503 [Stop Help Server] INFO  o.e.j.server.handler.ContextHandler - Stopped o.e.j.s.ServletContextHandler@6224c248{/help,null,UNAVAILABLE}
2018-10-02 16:20:32,310 [Worker-10] INFO  c.g.t.t.d.PublishedGradleVersions - Gradle version information cache is out-of-date. Trying to update.
2018-10-02 16:54:02,155 [Start Help Server] INFO  org.eclipse.jetty.util.log - Logging initialized @2111351ms to org.eclipse.jetty.util.log.Slf4jLog
2018-10-02 16:54:02,559 [Start Help Server] INFO  org.eclipse.jetty.server.Server - jetty-9.4.8.v20171121, build timestamp: 2017-11-21T15:27:37-06:00, git hash: 82b8fb23f757335bb3329d540ce37a2a2615f0a8
2018-10-02 16:54:02,611 [Start Help Server] INFO  org.eclipse.jetty.server.session - DefaultSessionIdManager workerName=node0
2018-10-02 16:54:02,611 [Start Help Server] INFO  org.eclipse.jetty.server.session - No SessionScavenger set, using defaults
2018-10-02 16:54:02,613 [Start Help Server] INFO  org.eclipse.jetty.server.session - Scavenging every 660000ms
2018-10-02 16:54:02,701 [Start Help Server] INFO  o.e.j.server.handler.ContextHandler - Started o.e.j.s.ServletContextHandler@6b45bf97{/help,null,AVAILABLE}
2018-10-02 16:54:02,772 [Start Help Server] INFO  o.e.jetty.server.AbstractConnector - Started ServerConnector@48031353{HTTP/1.1,[http/1.1]}{127.0.0.1:53389}
2018-10-02 16:54:02,772 [Start Help Server] INFO  org.eclipse.jetty.server.Server - Started @2111969ms
2018-10-02 17:09:52,210 [Stop Help Server] INFO  o.e.jetty.server.AbstractConnector - Stopped ServerConnector@48031353{HTTP/1.1,[http/1.1]}{127.0.0.1:0}
2018-10-02 17:09:52,211 [Stop Help Server] INFO  org.eclipse.jetty.server.session - Stopped scavenging
2018-10-02 17:09:52,219 [Stop Help Server] INFO  o.e.j.server.handler.ContextHandler - Stopped o.e.j.s.ServletContextHandler@6b45bf97{/help,null,UNAVAILABLE}
2018-10-04 16:04:47,284 [Worker-4] INFO  c.g.t.t.d.PublishedGradleVersions - Gradle version information cache is out-of-date. Trying to update.
2018-10-04 16:50:01,921 [Start Help Server] INFO  org.eclipse.jetty.util.log - Logging initialized @2791615ms to org.eclipse.jetty.util.log.Slf4jLog
2018-10-04 16:50:02,140 [Start Help Server] INFO  org.eclipse.jetty.server.Server - jetty-9.4.8.v20171121, build timestamp: 2017-11-21T15:27:37-06:00, git hash: 82b8fb23f757335bb3329d540ce37a2a2615f0a8
2018-10-04 16:50:02,161 [Start Help Server] INFO  org.eclipse.jetty.server.session - DefaultSessionIdManager workerName=node0
2018-10-04 16:50:02,161 [Start Help Server] INFO  org.eclipse.jetty.server.session - No SessionScavenger set, using defaults
2018-10-04 16:50:02,162 [Start Help Server] INFO  org.eclipse.jetty.server.session - Scavenging every 660000ms
2018-10-04 16:50:02,195 [Start Help Server] INFO  o.e.j.server.handler.ContextHandler - Started o.e.j.s.ServletContextHandler@4c2f82f2{/help,null,AVAILABLE}
2018-10-04 16:50:02,213 [Start Help Server] INFO  o.e.jetty.server.AbstractConnector - Started ServerConnector@2ef36bf8{HTTP/1.1,[http/1.1]}{127.0.0.1:49809}
2018-10-04 16:50:02,213 [Start Help Server] INFO  org.eclipse.jetty.server.Server - Started @2791909ms
2018-10-04 17:25:20,282 [Stop Help Server] INFO  o.e.jetty.server.AbstractConnector - Stopped ServerConnector@2ef36bf8{HTTP/1.1,[http/1.1]}{127.0.0.1:0}
2018-10-04 17:25:20,283 [Stop Help Server] INFO  org.eclipse.jetty.server.session - Stopped scavenging
2018-10-04 17:25:20,293 [Stop Help Server] INFO  o.e.j.server.handler.ContextHandler - Stopped o.e.j.s.ServletContextHandler@4c2f82f2{/help,null,UNAVAILABLE}
2018-10-09 16:45:58,842 [Worker-6] INFO  c.g.t.t.d.PublishedGradleVersions - Gradle version information cache is out-of-date. Trying to update.
2018-10-11 16:00:42,987 [Worker-4] INFO  c.g.t.t.d.PublishedGradleVersions - Gradle version information cache is out-of-date. Trying to update.
2018-10-11 16:11:07,937 [Start Help Server] INFO  org.eclipse.jetty.util.log - Logging initialized @732069ms to org.eclipse.jetty.util.log.Slf4jLog
2018-10-11 16:11:08,292 [Start Help Server] INFO  org.eclipse.jetty.server.Server - jetty-9.4.8.v20171121, build timestamp: 2017-11-21T15:27:37-06:00, git hash: 82b8fb23f757335bb3329d540ce37a2a2615f0a8
2018-10-11 16:11:08,322 [Start Help Server] INFO  org.eclipse.jetty.server.session - DefaultSessionIdManager workerName=node0
2018-10-11 16:11:08,322 [Start Help Server] INFO  org.eclipse.jetty.server.session - No SessionScavenger set, using defaults
2018-10-11 16:11:08,323 [Start Help Server] INFO  org.eclipse.jetty.server.session - Scavenging every 660000ms
2018-10-11 16:11:08,407 [Start Help Server] INFO  o.e.j.server.handler.ContextHandler - Started o.e.j.s.ServletContextHandler@2d1a4151{/help,null,AVAILABLE}
2018-10-11 16:11:08,483 [Start Help Server] INFO  o.e.jetty.server.AbstractConnector - Started ServerConnector@5233fe4{HTTP/1.1,[http/1.1]}{127.0.0.1:51455}
2018-10-11 16:11:08,483 [Start Help Server] INFO  org.eclipse.jetty.server.Server - Started @732616ms
2018-10-11 17:25:14,277 [Stop Help Server] INFO  o.e.jetty.server.AbstractConnector - Stopped ServerConnector@5233fe4{HTTP/1.1,[http/1.1]}{127.0.0.1:0}
2018-10-11 17:25:14,279 [Stop Help Server] INFO  org.eclipse.jetty.server.session - Stopped scavenging
2018-10-11 17:25:14,306 [Stop Help Server] INFO  o.e.j.server.handler.ContextHandler - Stopped o.e.j.s.ServletContextHandler@2d1a4151{/help,null,UNAVAILABLE}
2018-10-18 16:14:40,479 [Worker-4] INFO  c.g.t.t.d.PublishedGradleVersions - Gradle version information cache is out-of-date. Trying to update.
2018-10-18 17:00:09,439 [Start Help Server] INFO  org.eclipse.jetty.util.log - Logging initialized @2862188ms to org.eclipse.jetty.util.log.Slf4jLog
2018-10-18 17:00:09,696 [Start Help Server] INFO  org.eclipse.jetty.server.Server - jetty-9.4.8.v20171121, build timestamp: 2017-11-21T15:27:37-06:00, git hash: 82b8fb23f757335bb3329d540ce37a2a2615f0a8
2018-10-18 17:00:09,721 [Start Help Server] INFO  org.eclipse.jetty.server.session - DefaultSessionIdManager workerName=node0
2018-10-18 17:00:09,721 [Start Help Server] INFO  org.eclipse.jetty.server.session - No SessionScavenger set, using defaults
2018-10-18 17:00:09,722 [Start Help Server] INFO  org.eclipse.jetty.server.session - Scavenging every 600000ms
2018-10-18 17:00:09,767 [Start Help Server] INFO  o.e.j.server.handler.ContextHandler - Started o.e.j.s.ServletContextHandler@17d2480{/help,null,AVAILABLE}
2018-10-18 17:00:09,786 [Start Help Server] INFO  o.e.jetty.server.AbstractConnector - Started ServerConnector@679a79db{HTTP/1.1,[http/1.1]}{127.0.0.1:54580}
2018-10-18 17:00:09,786 [Start Help Server] INFO  org.eclipse.jetty.server.Server - Started @2862535ms
2018-10-18 17:12:46,814 [Stop Help Server] INFO  o.e.jetty.server.AbstractConnector - Stopped ServerConnector@679a79db{HTTP/1.1,[http/1.1]}{127.0.0.1:0}
2018-10-18 17:12:46,815 [Stop Help Server] INFO  org.eclipse.jetty.server.session - Stopped scavenging
2018-10-18 17:12:46,827 [Stop Help Server] INFO  o.e.j.server.handler.ContextHandler - Stopped o.e.j.s.ServletContextHandler@17d2480{/help,null,UNAVAILABLE}
2018-10-23 15:55:26,270 [Worker-2] INFO  c.g.t.t.d.PublishedGradleVersions - Gradle version information cache is out-of-date. Trying to update.
2018-10-23 16:13:08,122 [Worker-6] INFO  c.g.t.t.d.PublishedGradleVersions - Gradle version information cache is up-to-date. Trying to read.
2018-10-23 16:54:52,879 [Start Help Server] INFO  org.eclipse.jetty.util.log - Logging initialized @2515822ms to org.eclipse.jetty.util.log.Slf4jLog
2018-10-23 16:54:53,202 [Start Help Server] INFO  org.eclipse.jetty.server.Server - jetty-9.4.8.v20171121, build timestamp: 2017-11-21T15:27:37-06:00, git hash: 82b8fb23f757335bb3329d540ce37a2a2615f0a8
2018-10-23 16:54:53,240 [Start Help Server] INFO  org.eclipse.jetty.server.session - DefaultSessionIdManager workerName=node0
2018-10-23 16:54:53,240 [Start Help Server] INFO  org.eclipse.jetty.server.session - No SessionScavenger set, using defaults
2018-10-23 16:54:53,241 [Start Help Server] INFO  org.eclipse.jetty.server.session - Scavenging every 660000ms
2018-10-23 16:54:53,283 [Start Help Server] INFO  o.e.j.server.handler.ContextHandler - Started o.e.j.s.ServletContextHandler@117d0843{/help,null,AVAILABLE}
2018-10-23 16:54:53,342 [Start Help Server] INFO  o.e.jetty.server.AbstractConnector - Started ServerConnector@1b33d500{HTTP/1.1,[http/1.1]}{127.0.0.1:57679}
2018-10-23 16:54:53,342 [Start Help Server] INFO  org.eclipse.jetty.server.Server - Started @2516286ms
2018-10-23 17:14:12,367 [Stop Help Server] INFO  o.e.jetty.server.AbstractConnector - Stopped ServerConnector@1b33d500{HTTP/1.1,[http/1.1]}{127.0.0.1:0}
2018-10-23 17:14:12,368 [Stop Help Server] INFO  org.eclipse.jetty.server.session - Stopped scavenging
2018-10-23 17:14:12,377 [Stop Help Server] INFO  o.e.j.server.handler.ContextHandler - Stopped o.e.j.s.ServletContextHandler@117d0843{/help,null,UNAVAILABLE}
2018-10-25 16:10:07,823 [Worker-5] INFO  c.g.t.t.d.PublishedGradleVersions - Gradle version information cache is out-of-date. Trying to update.
2018-10-25 16:40:00,579 [Start Help Server] INFO  org.eclipse.jetty.util.log - Logging initialized @1881919ms to org.eclipse.jetty.util.log.Slf4jLog
2018-10-25 16:40:01,122 [Start Help Server] INFO  org.eclipse.jetty.server.Server - jetty-9.4.8.v20171121, build timestamp: 2017-11-21T15:27:37-06:00, git hash: 82b8fb23f757335bb3329d540ce37a2a2615f0a8
2018-10-25 16:40:01,165 [Start Help Server] INFO  org.eclipse.jetty.server.session - DefaultSessionIdManager workerName=node0
2018-10-25 16:40:01,166 [Start Help Server] INFO  org.eclipse.jetty.server.session - No SessionScavenger set, using defaults
2018-10-25 16:40:01,168 [Start Help Server] INFO  org.eclipse.jetty.server.session - Scavenging every 600000ms
2018-10-25 16:40:01,238 [Start Help Server] INFO  o.e.j.server.handler.ContextHandler - Started o.e.j.s.ServletContextHandler@201c15d8{/help,null,AVAILABLE}
2018-10-25 16:40:01,292 [Start Help Server] INFO  o.e.jetty.server.AbstractConnector - Started ServerConnector@6e77ca1c{HTTP/1.1,[http/1.1]}{127.0.0.1:51346}
2018-10-25 16:40:01,292 [Start Help Server] INFO  org.eclipse.jetty.server.Server - Started @1882633ms
2018-10-25 16:58:25,273 [Stop Help Server] INFO  o.e.jetty.server.AbstractConnector - Stopped ServerConnector@6e77ca1c{HTTP/1.1,[http/1.1]}{127.0.0.1:0}
2018-10-25 16:58:25,274 [Stop Help Server] INFO  org.eclipse.jetty.server.session - Stopped scavenging
2018-10-25 16:58:25,285 [Stop Help Server] INFO  o.e.j.server.handler.ContextHandler - Stopped o.e.j.s.ServletContextHandler@201c15d8{/help,null,UNAVAILABLE}
2018-10-25 17:08:03,201 [Worker-5] INFO  c.g.t.t.d.PublishedGradleVersions - Gradle version information cache is up-to-date. Trying to read.
2018-10-30 16:10:11,034 [Worker-1] INFO  c.g.t.t.d.PublishedGradleVersions - Gradle version information cache is out-of-date. Trying to update.
2018-10-30 17:08:15,289 [Start Help Server] INFO  org.eclipse.jetty.util.log - Logging initialized @3562866ms to org.eclipse.jetty.util.log.Slf4jLog
2018-10-30 17:08:15,728 [Start Help Server] INFO  org.eclipse.jetty.server.Server - jetty-9.4.8.v20171121, build timestamp: 2017-11-21T15:27:37-06:00, git hash: 82b8fb23f757335bb3329d540ce37a2a2615f0a8
2018-10-30 17:08:15,757 [Start Help Server] INFO  org.eclipse.jetty.server.session - DefaultSessionIdManager workerName=node0
2018-10-30 17:08:15,757 [Start Help Server] INFO  org.eclipse.jetty.server.session - No SessionScavenger set, using defaults
2018-10-30 17:08:15,758 [Start Help Server] INFO  org.eclipse.jetty.server.session - Scavenging every 660000ms
2018-10-30 17:08:15,799 [Start Help Server] INFO  o.e.j.server.handler.ContextHandler - Started o.e.j.s.ServletContextHandler@5bba70b{/help,null,AVAILABLE}
2018-10-30 17:08:15,820 [Start Help Server] INFO  o.e.jetty.server.AbstractConnector - Started ServerConnector@58926cdf{HTTP/1.1,[http/1.1]}{127.0.0.1:50641}
2018-10-30 17:08:15,820 [Start Help Server] INFO  org.eclipse.jetty.server.Server - Started @3563396ms
2018-10-30 17:14:30,444 [Stop Help Server] INFO  o.e.jetty.server.AbstractConnector - Stopped ServerConnector@58926cdf{HTTP/1.1,[http/1.1]}{127.0.0.1:0}
2018-10-30 17:14:30,444 [Stop Help Server] INFO  org.eclipse.jetty.server.session - Stopped scavenging
2018-10-30 17:14:30,452 [Stop Help Server] INFO  o.e.j.server.handler.ContextHandler - Stopped o.e.j.s.ServletContextHandler@5bba70b{/help,null,UNAVAILABLE}
2018-11-01 16:07:16,182 [Worker-1] INFO  c.g.t.t.d.PublishedGradleVersions - Gradle version information cache is out-of-date. Trying to update.
2018-11-06 15:51:58,502 [Worker-0] INFO  c.g.t.t.d.PublishedGradleVersions - Gradle version information cache is out-of-date. Trying to update.
2018-11-06 16:54:08,109 [Worker-2] INFO  c.g.t.t.d.PublishedGradleVersions - Gradle version information cache is up-to-date. Trying to read.
2018-11-06 16:56:41,367 [Start Help Server] INFO  org.eclipse.jetty.util.log - Logging initialized @163434ms to org.eclipse.jetty.util.log.Slf4jLog
2018-11-06 16:56:41,762 [Start Help Server] INFO  org.eclipse.jetty.server.Server - jetty-9.4.8.v20171121, build timestamp: 2017-11-21T15:27:37-06:00, git hash: 82b8fb23f757335bb3329d540ce37a2a2615f0a8
2018-11-06 16:56:41,800 [Start Help Server] INFO  org.eclipse.jetty.server.session - DefaultSessionIdManager workerName=node0
2018-11-06 16:56:41,801 [Start Help Server] INFO  org.eclipse.jetty.server.session - No SessionScavenger set, using defaults
2018-11-06 16:56:41,802 [Start Help Server] INFO  org.eclipse.jetty.server.session - Scavenging every 600000ms
2018-11-06 16:56:41,846 [Start Help Server] INFO  o.e.j.server.handler.ContextHandler - Started o.e.j.s.ServletContextHandler@522bcc08{/help,null,AVAILABLE}
2018-11-06 16:56:41,897 [Start Help Server] INFO  o.e.jetty.server.AbstractConnector - Started ServerConnector@15752a87{HTTP/1.1,[http/1.1]}{127.0.0.1:53479}
2018-11-06 16:56:41,897 [Start Help Server] INFO  org.eclipse.jetty.server.Server - Started @163965ms
2018-11-06 17:28:54,473 [Stop Help Server] INFO  o.e.jetty.server.AbstractConnector - Stopped ServerConnector@15752a87{HTTP/1.1,[http/1.1]}{127.0.0.1:0}
2018-11-06 17:28:54,474 [Stop Help Server] INFO  org.eclipse.jetty.server.session - Stopped scavenging
2018-11-06 17:28:54,486 [Stop Help Server] INFO  o.e.j.server.handler.ContextHandler - Stopped o.e.j.s.ServletContextHandler@522bcc08{/help,null,UNAVAILABLE}
2018-11-12 16:54:21,830 [Worker-6] INFO  c.g.t.t.d.PublishedGradleVersions - Gradle version information cache is out-of-date. Trying to update.
2018-11-13 17:56:26,318 [Worker-6] INFO  c.g.t.t.d.PublishedGradleVersions - Gradle version information cache is out-of-date. Trying to update.
2018-11-13 18:18:28,398 [Start Help Server] INFO  org.eclipse.jetty.util.log - Logging initialized @1419489ms to org.eclipse.jetty.util.log.Slf4jLog
2018-11-13 18:18:29,051 [Start Help Server] INFO  org.eclipse.jetty.server.Server - jetty-9.4.8.v20171121, build timestamp: 2017-11-21T15:27:37-06:00, git hash: 82b8fb23f757335bb3329d540ce37a2a2615f0a8
2018-11-13 18:18:29,114 [Start Help Server] INFO  org.eclipse.jetty.server.session - DefaultSessionIdManager workerName=node0
2018-11-13 18:18:29,114 [Start Help Server] INFO  org.eclipse.jetty.server.session - No SessionScavenger set, using defaults
2018-11-13 18:18:29,116 [Start Help Server] INFO  org.eclipse.jetty.server.session - Scavenging every 600000ms
2018-11-13 18:18:29,187 [Start Help Server] INFO  o.e.j.server.handler.ContextHandler - Started o.e.j.s.ServletContextHandler@6535e03f{/help,null,AVAILABLE}
2018-11-13 18:18:29,248 [Start Help Server] INFO  o.e.jetty.server.AbstractConnector - Started ServerConnector@7df7492f{HTTP/1.1,[http/1.1]}{127.0.0.1:62148}
2018-11-13 18:18:29,248 [Start Help Server] INFO  org.eclipse.jetty.server.Server - Started @1420340ms
2018-11-13 19:37:39,223 [Stop Help Server] INFO  o.e.jetty.server.AbstractConnector - Stopped ServerConnector@7df7492f{HTTP/1.1,[http/1.1]}{127.0.0.1:0}
2018-11-13 19:37:39,224 [Stop Help Server] INFO  org.eclipse.jetty.server.session - Stopped scavenging
2018-11-13 19:37:39,262 [Stop Help Server] INFO  o.e.j.server.handler.ContextHandler - Stopped o.e.j.s.ServletContextHandler@6535e03f{/help,null,UNAVAILABLE}
2018-11-13 23:14:12,150 [Worker-4] INFO  c.g.t.t.d.PublishedGradleVersions - Gradle version information cache is up-to-date. Trying to read.
2018-11-13 23:45:48,195 [Start Help Server] INFO  org.eclipse.jetty.util.log - Logging initialized @1957215ms to org.eclipse.jetty.util.log.Slf4jLog
2018-11-13 23:45:48,332 [Start Help Server] INFO  org.eclipse.jetty.server.Server - jetty-9.4.8.v20171121, build timestamp: 2017-11-21T15:27:37-06:00, git hash: 82b8fb23f757335bb3329d540ce37a2a2615f0a8
2018-11-13 23:45:48,352 [Start Help Server] INFO  org.eclipse.jetty.server.session - DefaultSessionIdManager workerName=node0
2018-11-13 23:45:48,352 [Start Help Server] INFO  org.eclipse.jetty.server.session - No SessionScavenger set, using defaults
2018-11-13 23:45:48,353 [Start Help Server] INFO  org.eclipse.jetty.server.session - Scavenging every 600000ms
2018-11-13 23:45:48,373 [Start Help Server] INFO  o.e.j.server.handler.ContextHandler - Started o.e.j.s.ServletContextHandler@3d706db3{/help,null,AVAILABLE}
2018-11-13 23:45:48,389 [Start Help Server] INFO  o.e.jetty.server.AbstractConnector - Started ServerConnector@3dd5ef97{HTTP/1.1,[http/1.1]}{127.0.0.1:63031}
2018-11-13 23:45:48,390 [Start Help Server] INFO  org.eclipse.jetty.server.Server - Started @1957411ms
2018-11-14 01:16:28,738 [Stop Help Server] INFO  o.e.jetty.server.AbstractConnector - Stopped ServerConnector@3dd5ef97{HTTP/1.1,[http/1.1]}{127.0.0.1:0}
2018-11-14 01:16:28,740 [Stop Help Server] INFO  org.eclipse.jetty.server.session - Stopped scavenging
2018-11-14 01:16:28,752 [Stop Help Server] INFO  o.e.j.server.handler.ContextHandler - Stopped o.e.j.s.ServletContextHandler@3d706db3{/help,null,UNAVAILABLE}
2018-11-14 10:37:20,858 [Worker-4] INFO  c.g.t.t.d.PublishedGradleVersions - Gradle version information cache is up-to-date. Trying to read.
2018-11-14 10:51:10,564 [Worker-2] INFO  c.g.t.t.d.PublishedGradleVersions - Gradle version information cache is up-to-date. Trying to read.
2018-11-14 10:59:15,650 [Start Help Server] INFO  org.eclipse.jetty.util.log - Logging initialized @498471ms to org.eclipse.jetty.util.log.Slf4jLog
2018-11-14 10:59:16,047 [Start Help Server] INFO  org.eclipse.jetty.server.Server - jetty-9.4.8.v20171121, build timestamp: 2017-11-21T15:27:37-06:00, git hash: 82b8fb23f757335bb3329d540ce37a2a2615f0a8
2018-11-14 10:59:16,079 [Start Help Server] INFO  org.eclipse.jetty.server.session - DefaultSessionIdManager workerName=node0
2018-11-14 10:59:16,079 [Start Help Server] INFO  org.eclipse.jetty.server.session - No SessionScavenger set, using defaults
2018-11-14 10:59:16,080 [Start Help Server] INFO  org.eclipse.jetty.server.session - Scavenging every 600000ms
2018-11-14 10:59:16,124 [Start Help Server] INFO  o.e.j.server.handler.ContextHandler - Started o.e.j.s.ServletContextHandler@33a45980{/help,null,AVAILABLE}
2018-11-14 10:59:16,167 [Start Help Server] INFO  o.e.jetty.server.AbstractConnector - Started ServerConnector@43450436{HTTP/1.1,[http/1.1]}{127.0.0.1:64152}
2018-11-14 10:59:16,167 [Start Help Server] INFO  org.eclipse.jetty.server.Server - Started @498988ms
2018-11-14 11:42:24,336 [Stop Help Server] INFO  o.e.jetty.server.AbstractConnector - Stopped ServerConnector@43450436{HTTP/1.1,[http/1.1]}{127.0.0.1:0}
2018-11-14 11:42:24,337 [Stop Help Server] INFO  org.eclipse.jetty.server.session - Stopped scavenging
2018-11-14 11:42:24,347 [Stop Help Server] INFO  o.e.j.server.handler.ContextHandler - Stopped o.e.j.s.ServletContextHandler@33a45980{/help,null,UNAVAILABLE}
2018-11-14 16:49:32,664 [Worker-4] INFO  c.g.t.t.d.PublishedGradleVersions - Gradle version information cache is up-to-date. Trying to read.
2018-11-14 16:49:55,012 [Start Help Server] INFO  org.eclipse.jetty.util.log - Logging initialized @101675ms to org.eclipse.jetty.util.log.Slf4jLog
2018-11-14 16:49:56,378 [Start Help Server] INFO  org.eclipse.jetty.server.Server - jetty-9.4.8.v20171121, build timestamp: 2017-11-21T15:27:37-06:00, git hash: 82b8fb23f757335bb3329d540ce37a2a2615f0a8
2018-11-14 16:49:56,455 [Start Help Server] INFO  org.eclipse.jetty.server.session - DefaultSessionIdManager workerName=node0
2018-11-14 16:49:56,455 [Start Help Server] INFO  org.eclipse.jetty.server.session - No SessionScavenger set, using defaults
2018-11-14 16:49:56,459 [Start Help Server] INFO  org.eclipse.jetty.server.session - Scavenging every 600000ms
2018-11-14 16:49:56,658 [Start Help Server] INFO  o.e.j.server.handler.ContextHandler - Started o.e.j.s.ServletContextHandler@7fefb411{/help,null,AVAILABLE}
2018-11-14 16:49:57,010 [Start Help Server] INFO  o.e.jetty.server.AbstractConnector - Started ServerConnector@2c1a638e{HTTP/1.1,[http/1.1]}{127.0.0.1:51051}
2018-11-14 16:49:57,011 [Start Help Server] INFO  org.eclipse.jetty.server.Server - Started @103675ms
2018-11-15 01:48:19,914 [Stop Help Server] INFO  o.e.jetty.server.AbstractConnector - Stopped ServerConnector@2c1a638e{HTTP/1.1,[http/1.1]}{127.0.0.1:0}
2018-11-15 01:48:19,915 [Stop Help Server] INFO  org.eclipse.jetty.server.session - Stopped scavenging
2018-11-15 01:48:19,938 [Stop Help Server] INFO  o.e.j.server.handler.ContextHandler - Stopped o.e.j.s.ServletContextHandler@7fefb411{/help,null,UNAVAILABLE}
2018-11-15 10:52:12,629 [Worker-5] INFO  c.g.t.t.d.PublishedGradleVersions - Gradle version information cache is up-to-date. Trying to read.
2018-11-15 12:30:04,269 [Start Help Server] INFO  org.eclipse.jetty.util.log - Logging initialized @5938835ms to org.eclipse.jetty.util.log.Slf4jLog
2018-11-15 12:30:04,659 [Start Help Server] INFO  org.eclipse.jetty.server.Server - jetty-9.4.8.v20171121, build timestamp: 2017-11-21T15:27:37-06:00, git hash: 82b8fb23f757335bb3329d540ce37a2a2615f0a8
2018-11-15 12:30:04,682 [Start Help Server] INFO  org.eclipse.jetty.server.session - DefaultSessionIdManager workerName=node0
2018-11-15 12:30:04,682 [Start Help Server] INFO  org.eclipse.jetty.server.session - No SessionScavenger set, using defaults
2018-11-15 12:30:04,683 [Start Help Server] INFO  org.eclipse.jetty.server.session - Scavenging every 660000ms
2018-11-15 12:30:04,727 [Start Help Server] INFO  o.e.j.server.handler.ContextHandler - Started o.e.j.s.ServletContextHandler@5d2d0479{/help,null,AVAILABLE}
2018-11-15 12:30:04,777 [Start Help Server] INFO  o.e.jetty.server.AbstractConnector - Started ServerConnector@10cec14d{HTTP/1.1,[http/1.1]}{127.0.0.1:50071}
2018-11-15 12:30:04,777 [Start Help Server] INFO  org.eclipse.jetty.server.Server - Started @5939343ms
2018-11-20 16:05:47,186 [Worker-0] INFO  c.g.t.t.d.PublishedGradleVersions - Gradle version information cache is out-of-date. Trying to update.
2018-11-20 16:42:36,230 [Start Help Server] INFO  org.eclipse.jetty.util.log - Logging initialized @2289615ms to org.eclipse.jetty.util.log.Slf4jLog
2018-11-20 16:42:36,489 [Start Help Server] INFO  org.eclipse.jetty.server.Server - jetty-9.4.8.v20171121, build timestamp: 2017-11-21T15:27:37-06:00, git hash: 82b8fb23f757335bb3329d540ce37a2a2615f0a8
2018-11-20 16:42:36,512 [Start Help Server] INFO  org.eclipse.jetty.server.session - DefaultSessionIdManager workerName=node0
2018-11-20 16:42:36,512 [Start Help Server] INFO  org.eclipse.jetty.server.session - No SessionScavenger set, using defaults
2018-11-20 16:42:36,513 [Start Help Server] INFO  org.eclipse.jetty.server.session - Scavenging every 660000ms
2018-11-20 16:42:36,561 [Start Help Server] INFO  o.e.j.server.handler.ContextHandler - Started o.e.j.s.ServletContextHandler@691064ff{/help,null,AVAILABLE}
2018-11-20 16:42:36,581 [Start Help Server] INFO  o.e.jetty.server.AbstractConnector - Started ServerConnector@30f61c90{HTTP/1.1,[http/1.1]}{127.0.0.1:54163}
2018-11-20 16:42:36,582 [Start Help Server] INFO  org.eclipse.jetty.server.Server - Started @2289968ms
2018-11-20 16:53:44,520 [Stop Help Server] INFO  o.e.jetty.server.AbstractConnector - Stopped ServerConnector@30f61c90{HTTP/1.1,[http/1.1]}{127.0.0.1:0}
2018-11-20 16:53:44,521 [Stop Help Server] INFO  org.eclipse.jetty.server.session - Stopped scavenging
2018-11-20 16:53:44,530 [Stop Help Server] INFO  o.e.j.server.handler.ContextHandler - Stopped o.e.j.s.ServletContextHandler@691064ff{/help,null,UNAVAILABLE}
2018-11-26 23:09:59,266 [Worker-0] INFO  c.g.t.t.d.PublishedGradleVersions - Gradle version information cache is out-of-date. Trying to update.
2018-11-26 23:10:01,715 [Worker-0] INFO  c.g.t.t.d.PublishedGradleVersions - Updating Gradle version information cache failed. Using outdated cache.
2018-11-26 23:35:29,771 [Start Help Server] INFO  org.eclipse.jetty.util.log - Logging initialized @1639171ms to org.eclipse.jetty.util.log.Slf4jLog
2018-11-26 23:35:31,906 [Start Help Server] INFO  org.eclipse.jetty.server.Server - jetty-9.4.8.v20171121, build timestamp: 2017-11-21T15:27:37-06:00, git hash: 82b8fb23f757335bb3329d540ce37a2a2615f0a8
2018-11-26 23:35:32,153 [Start Help Server] INFO  org.eclipse.jetty.server.session - DefaultSessionIdManager workerName=node0
2018-11-26 23:35:32,153 [Start Help Server] INFO  org.eclipse.jetty.server.session - No SessionScavenger set, using defaults
2018-11-26 23:35:32,157 [Start Help Server] INFO  org.eclipse.jetty.server.session - Scavenging every 600000ms
2018-11-26 23:35:32,362 [Start Help Server] INFO  o.e.j.server.handler.ContextHandler - Started o.e.j.s.ServletContextHandler@8986b46{/help,null,AVAILABLE}
2018-11-26 23:35:32,450 [Start Help Server] INFO  o.e.jetty.server.AbstractConnector - Started ServerConnector@50da34b8{HTTP/1.1,[http/1.1]}{127.0.0.1:52787}
2018-11-26 23:35:32,450 [Start Help Server] INFO  org.eclipse.jetty.server.Server - Started @1641851ms
2018-11-27 00:21:34,041 [Stop Help Server] INFO  o.e.jetty.server.AbstractConnector - Stopped ServerConnector@50da34b8{HTTP/1.1,[http/1.1]}{127.0.0.1:0}
2018-11-27 00:21:34,043 [Stop Help Server] INFO  org.eclipse.jetty.server.session - Stopped scavenging
2018-11-27 00:21:34,056 [Stop Help Server] INFO  o.e.j.server.handler.ContextHandler - Stopped o.e.j.s.ServletContextHandler@8986b46{/help,null,UNAVAILABLE}
2018-11-27 08:17:20,671 [Worker-5] INFO  c.g.t.t.d.PublishedGradleVersions - Gradle version information cache is up-to-date. Trying to read.
2018-11-27 08:20:47,794 [Start Help Server] INFO  org.eclipse.jetty.util.log - Logging initialized @259309ms to org.eclipse.jetty.util.log.Slf4jLog
2018-11-27 08:20:47,911 [Start Help Server] INFO  org.eclipse.jetty.server.Server - jetty-9.4.8.v20171121, build timestamp: 2017-11-21T15:27:37-06:00, git hash: 82b8fb23f757335bb3329d540ce37a2a2615f0a8
2018-11-27 08:20:47,956 [Start Help Server] INFO  org.eclipse.jetty.server.session - DefaultSessionIdManager workerName=node0
2018-11-27 08:20:47,956 [Start Help Server] INFO  org.eclipse.jetty.server.session - No SessionScavenger set, using defaults
2018-11-27 08:20:47,957 [Start Help Server] INFO  org.eclipse.jetty.server.session - Scavenging every 600000ms
2018-11-27 08:20:47,986 [Start Help Server] INFO  o.e.j.server.handler.ContextHandler - Started o.e.j.s.ServletContextHandler@3a53ee48{/help,null,AVAILABLE}
2018-11-27 08:20:48,012 [Start Help Server] INFO  o.e.jetty.server.AbstractConnector - Started ServerConnector@7f1bbab1{HTTP/1.1,[http/1.1]}{127.0.0.1:53015}
2018-11-27 08:20:48,012 [Start Help Server] INFO  org.eclipse.jetty.server.Server - Started @259528ms
2018-11-27 14:17:23,714 [Stop Help Server] INFO  o.e.jetty.server.AbstractConnector - Stopped ServerConnector@7f1bbab1{HTTP/1.1,[http/1.1]}{127.0.0.1:0}
2018-11-27 14:17:23,714 [Stop Help Server] INFO  org.eclipse.jetty.server.session - Stopped scavenging
2018-11-27 14:17:23,743 [Stop Help Server] INFO  o.e.j.server.handler.ContextHandler - Stopped o.e.j.s.ServletContextHandler@3a53ee48{/help,null,UNAVAILABLE}
2018-11-27 16:17:14,883 [Worker-6] INFO  c.g.t.t.d.PublishedGradleVersions - Gradle version information cache is up-to-date. Trying to read.
2018-11-27 19:06:15,371 [Worker-4] INFO  c.g.t.t.d.PublishedGradleVersions - Gradle version information cache is up-to-date. Trying to read.
2018-11-27 19:18:35,008 [Worker-0] INFO  c.g.t.t.d.PublishedGradleVersions - Gradle version information cache is up-to-date. Trying to read.
2018-11-27 19:30:21,694 [Start Help Server] INFO  org.eclipse.jetty.util.log - Logging initialized @728529ms to org.eclipse.jetty.util.log.Slf4jLog
2018-11-27 19:30:22,194 [Start Help Server] INFO  org.eclipse.jetty.server.Server - jetty-9.4.8.v20171121, build timestamp: 2017-11-21T15:27:37-06:00, git hash: 82b8fb23f757335bb3329d540ce37a2a2615f0a8
2018-11-27 19:30:22,229 [Start Help Server] INFO  org.eclipse.jetty.server.session - DefaultSessionIdManager workerName=node0
2018-11-27 19:30:22,229 [Start Help Server] INFO  org.eclipse.jetty.server.session - No SessionScavenger set, using defaults
2018-11-27 19:30:22,231 [Start Help Server] INFO  org.eclipse.jetty.server.session - Scavenging every 660000ms
2018-11-27 19:30:22,283 [Start Help Server] INFO  o.e.j.server.handler.ContextHandler - Started o.e.j.s.ServletContextHandler@67fc08da{/help,null,AVAILABLE}
2018-11-27 19:30:22,314 [Start Help Server] INFO  o.e.jetty.server.AbstractConnector - Started ServerConnector@2d1873d6{HTTP/1.1,[http/1.1]}{127.0.0.1:56499}
2018-11-27 19:30:22,314 [Start Help Server] INFO  org.eclipse.jetty.server.Server - Started @729149ms
2018-11-27 19:49:55,243 [Stop Help Server] INFO  o.e.jetty.server.AbstractConnector - Stopped ServerConnector@2d1873d6{HTTP/1.1,[http/1.1]}{127.0.0.1:0}
2018-11-27 19:49:55,245 [Stop Help Server] INFO  org.eclipse.jetty.server.session - Stopped scavenging
2018-11-27 19:49:55,258 [Stop Help Server] INFO  o.e.j.server.handler.ContextHandler - Stopped o.e.j.s.ServletContextHandler@67fc08da{/help,null,UNAVAILABLE}
2018-11-29 15:58:54,639 [Worker-4] INFO  c.g.t.t.d.PublishedGradleVersions - Gradle version information cache is out-of-date. Trying to update.
2018-11-29 17:55:46,100 [Start Help Server] INFO  org.eclipse.jetty.util.log - Logging initialized @7106777ms to org.eclipse.jetty.util.log.Slf4jLog
2018-11-29 17:55:49,204 [Start Help Server] INFO  org.eclipse.jetty.server.Server - jetty-9.4.8.v20171121, build timestamp: 2017-11-21T15:27:37-06:00, git hash: 82b8fb23f757335bb3329d540ce37a2a2615f0a8
2018-11-29 17:55:49,447 [Start Help Server] INFO  org.eclipse.jetty.server.session - DefaultSessionIdManager workerName=node0
2018-11-29 17:55:49,448 [Start Help Server] INFO  org.eclipse.jetty.server.session - No SessionScavenger set, using defaults
2018-11-29 17:55:49,452 [Start Help Server] INFO  org.eclipse.jetty.server.session - Scavenging every 660000ms
2018-11-29 17:55:49,709 [Start Help Server] INFO  o.e.j.server.handler.ContextHandler - Started o.e.j.s.ServletContextHandler@1a8eab61{/help,null,AVAILABLE}
2018-11-29 17:55:50,662 [Start Help Server] INFO  o.e.jetty.server.AbstractConnector - Started ServerConnector@36927d35{HTTP/1.1,[http/1.1]}{127.0.0.1:53409}
2018-11-29 17:55:50,664 [Start Help Server] INFO  org.eclipse.jetty.server.Server - Started @7111341ms
